<?xml version="1.0" encoding="UTF-8"?>
<!-- Generated by org.testng.reporters.JUnitReportReporter -->
<testsuite skipped="0" hostname="DESKTOP-E8EDNI0" name="Tests.UploadStatus" tests="1" failures="0" timestamp="24 Feb 2020 15:11:12 GMT" time="36.721" errors="0">
  <testcase name="updateStatus" time="36.721" classname="Tests.UploadStatus"/>
</testsuite> <!-- Tests.UploadStatus -->
