<?xml version="1.0" encoding="UTF-8"?>
<!-- Generated by org.testng.reporters.JUnitReportReporter -->
<testsuite skipped="0" hostname="DESKTOP-E8EDNI0" name="Tests.OpenWhatsApp" tests="1" failures="0" timestamp="13 Feb 2020 17:28:11 GMT" time="16.744" errors="0">
  <testcase name="openWhatsApp" time="16.744" classname="Tests.OpenWhatsApp"/>
</testsuite> <!-- Tests.OpenWhatsApp -->
