<?xml version="1.0" encoding="UTF-8"?>
<!-- Generated by org.testng.reporters.JUnitReportReporter -->
<testsuite skipped="0" hostname="DESKTOP-E8EDNI0" name="Tests.CreateGroupChat" tests="3" failures="0" timestamp="14 Feb 2020 22:37:32 GMT" time="54.826" errors="0">
  <testcase name="first_openNewGroupPage" time="30.179" classname="Tests.CreateGroupChat"/>
  <testcase name="second_createGroupAndSendMessage" time="19.875" classname="Tests.CreateGroupChat"/>
  <testcase name="second_createGroupAndSendMessage" time="4.772" classname="Tests.CreateGroupChat"/>
</testsuite> <!-- Tests.CreateGroupChat -->
