<?xml version="1.0" encoding="UTF-8"?>
<!-- Generated by org.testng.reporters.JUnitReportReporter -->
<testsuite skipped="0" hostname="DESKTOP-E8EDNI0" name="Tests.SendMessage" tests="2" failures="0" timestamp="14 Feb 2020 22:37:32 GMT" time="35.364" errors="0">
  <testcase name="sendMessageToSingleContact" time="20.940" classname="Tests.SendMessage"/>
  <testcase name="openApplication" time="14.424" classname="Tests.SendMessage"/>
</testsuite> <!-- Tests.SendMessage -->
