<?xml version="1.0" encoding="UTF-8"?>
<!-- Generated by org.testng.reporters.JUnitReportReporter -->
<testsuite skipped="0" hostname="DESKTOP-E8EDNI0" name="Tests.SendMessage" tests="2" failures="0" timestamp="14 Feb 2020 21:47:03 GMT" time="30.646" errors="0">
  <testcase name="sendMessageToFirstContact" time="19.345" classname="Tests.SendMessage"/>
  <testcase name="openApplication" time="11.301" classname="Tests.SendMessage"/>
</testsuite> <!-- Tests.SendMessage -->
